<?xml version="1.0" encoding="UTF-8"?>
<!-- Generated by org.testng.reporters.JUnitXMLReporter -->
<testsuite ignored="0" hostname="Aguirre-LAPTOP" failures="0" tests="4" name="Default test" time="10.074" errors="0" timestamp="2021-05-18T22:16:27 PST">
  <testcase classname="API_Aguirre" name="get" time="7.02"/>
  <testcase classname="API_Aguirre" name="patch" time="0.985"/>
  <testcase classname="API_Aguirre" name="post" time="0.851"/>
  <testcase classname="API_Aguirre" name="testing4delete" time="0.985"/>
</testsuite> <!-- Default test -->
