<?xml version="1.0" encoding="UTF-8"?>
<testng-results ignored="0" total="4" passed="4" failed="0" skipped="0">
  <reporter-output>
  </reporter-output>
  <suite started-at="2021-05-18T22:16:17 PST" name="Default suite" finished-at="2021-05-18T22:16:27 PST" duration-ms="10074">
    <groups>
    </groups>
    <test started-at="2021-05-18T22:16:17 PST" name="Default test" finished-at="2021-05-18T22:16:27 PST" duration-ms="10074">
      <class name="API_Aguirre">
        <test-method signature="get()[pri:0, instance:API_Aguirre@48aaecc3]" started-at="2021-05-18T22:16:17 PST" name="get" finished-at="2021-05-18T22:16:24 PST" duration-ms="7020" status="PASS">
          <reporter-output>
          </reporter-output>
        </test-method> <!-- get -->
        <test-method signature="patch()[pri:0, instance:API_Aguirre@48aaecc3]" started-at="2021-05-18T22:16:24 PST" name="patch" finished-at="2021-05-18T22:16:25 PST" duration-ms="985" status="PASS">
          <reporter-output>
          </reporter-output>
        </test-method> <!-- patch -->
        <test-method signature="post()[pri:0, instance:API_Aguirre@48aaecc3]" started-at="2021-05-18T22:16:25 PST" name="post" finished-at="2021-05-18T22:16:26 PST" duration-ms="851" status="PASS">
          <reporter-output>
          </reporter-output>
        </test-method> <!-- post -->
        <test-method signature="testing4delete()[pri:0, instance:API_Aguirre@48aaecc3]" started-at="2021-05-18T22:16:26 PST" name="testing4delete" finished-at="2021-05-18T22:16:27 PST" duration-ms="985" status="PASS">
          <reporter-output>
          </reporter-output>
        </test-method> <!-- testing4delete -->
      </class> <!-- API_Aguirre -->
    </test> <!-- Default test -->
  </suite> <!-- Default suite -->
</testng-results>
